This is pdfTeX, Version 3.14159265-2.6-1.40.16 (TeX Live 2015/Debian) (preloaded format=pdflatex 2016.12.22)  27 JAN 2017 13:48
entering extended mode
 restricted \write18 enabled.
 %&-line parsing enabled.
**scalable_data_aug.tex
(./scalable_data_aug.tex
LaTeX2e <2016/02/01>
Babel <3.9q> and hyphenation patterns for 81 language(s) loaded.
(/usr/share/texlive/texmf-dist/tex/latex/base/article.cls
Document Class: article 2014/09/29 v1.4h Standard LaTeX document class
(/usr/share/texlive/texmf-dist/tex/latex/base/size10.clo
File: size10.clo 2014/09/29 v1.4h Standard LaTeX file (size option)
)
\c@part=\count79
\c@section=\count80
\c@subsection=\count81
\c@subsubsection=\count82
\c@paragraph=\count83
\c@subparagraph=\count84
\c@figure=\count85
\c@table=\count86
\abovecaptionskip=\skip41
\belowcaptionskip=\skip42
\bibindent=\dimen102
)
(/usr/share/texlive/texmf-dist/tex/latex/graphics/color.sty
Package: color 2016/01/03 v1.1b Standard LaTeX Color (DPC)

(/usr/share/texlive/texmf-dist/tex/latex/latexconfig/color.cfg
File: color.cfg 2007/01/18 v1.5 color configuration of teTeX/TeXLive
)
Package color Info: Driver file: pdftex.def on input line 143.

(/usr/share/texlive/texmf-dist/tex/latex/pdftex-def/pdftex.def
File: pdftex.def 2011/05/27 v0.06d Graphics/color for pdfTeX

(/usr/share/texlive/texmf-dist/tex/generic/oberdiek/infwarerr.sty
Package: infwarerr 2010/04/08 v1.3 Providing info/warning/error messages (HO)
)
(/usr/share/texlive/texmf-dist/tex/generic/oberdiek/ltxcmds.sty
Package: ltxcmds 2011/11/09 v1.22 LaTeX kernel commands for general use (HO)
)
\Gread@gobject=\count87
))
(/usr/share/texlive/texmf-dist/tex/latex/natbib/natbib.sty
Package: natbib 2010/09/13 8.31b (PWD, AO)
\bibhang=\skip43
\bibsep=\skip44
LaTeX Info: Redefining \cite on input line 694.
\c@NAT@ctr=\count88
)
(/usr/share/texlive/texmf-dist/tex/latex/rotating/rotating.sty
Package: rotating 2009/03/28 v2.16a rotated objects in LaTeX

(/usr/share/texlive/texmf-dist/tex/latex/graphics/graphicx.sty
Package: graphicx 2014/10/28 v1.0g Enhanced LaTeX Graphics (DPC,SPQR)

(/usr/share/texlive/texmf-dist/tex/latex/graphics/keyval.sty
Package: keyval 2014/10/28 v1.15 key=value parser (DPC)
\KV@toks@=\toks14
)
(/usr/share/texlive/texmf-dist/tex/latex/graphics/graphics.sty
Package: graphics 2016/01/03 v1.0q Standard LaTeX Graphics (DPC,SPQR)

(/usr/share/texlive/texmf-dist/tex/latex/graphics/trig.sty
Package: trig 2016/01/03 v1.10 sin cos tan (DPC)
)
(/usr/share/texlive/texmf-dist/tex/latex/latexconfig/graphics.cfg
File: graphics.cfg 2010/04/23 v1.9 graphics configuration of TeX Live
)
Package graphics Info: Driver file: pdftex.def on input line 95.
)
\Gin@req@height=\dimen103
\Gin@req@width=\dimen104
)
(/usr/share/texlive/texmf-dist/tex/latex/base/ifthen.sty
Package: ifthen 2014/09/29 v1.1c Standard LaTeX ifthen package (DPC)
)
\c@r@tfl@t=\count89
\rotFPtop=\skip45
\rotFPbot=\skip46
\rot@float@box=\box26
\rot@mess@toks=\toks15
)
(/usr/share/texlive/texmf-dist/tex/latex/caption/subcaption.sty
Package: subcaption 2016/02/20 v1.1-142 Sub-captions (AR)

(/usr/share/texlive/texmf-dist/tex/latex/caption/caption.sty
Package: caption 2016/02/21 v3.3-144 Customizing captions (AR)

(/usr/share/texlive/texmf-dist/tex/latex/caption/caption3.sty
Package: caption3 2016/02/04 v1.7-139 caption3 kernel (AR)
Package caption3 Info: TeX engine: e-TeX on input line 67.
\captionmargin=\dimen105
\captionmargin@=\dimen106
\captionwidth=\dimen107
\caption@tempdima=\dimen108
\caption@indent=\dimen109
\caption@parindent=\dimen110
\caption@hangindent=\dimen111
)
\c@ContinuedFloat=\count90
Package caption Info: rotating package is loaded.
)
\c@subfigure=\count91
\c@subtable=\count92
)
(/usr/share/texlive/texmf-dist/tex/latex/float/float.sty
Package: float 2001/11/08 v1.3d Float enhancements (AL)
\c@float@type=\count93
\float@exts=\toks16
\float@box=\box27
\@float@everytoks=\toks17
\@floatcapt=\box28
)
(/usr/share/texlive/texmf-dist/tex/latex/amscls/amsthm.sty
Package: amsthm 2015/03/04 v2.20.2
\thm@style=\toks18
\thm@bodyfont=\toks19
\thm@headfont=\toks20
\thm@notefont=\toks21
\thm@headpunct=\toks22
\thm@preskip=\skip47
\thm@postskip=\skip48
\thm@headsep=\skip49
\dth@everypar=\toks23
)
(/usr/share/texlive/texmf-dist/tex/latex/amsmath/amsmath.sty
Package: amsmath 2016/03/03 v2.15a AMS math features
\@mathmargin=\skip50

For additional information on amsmath, use the `?' option.
(/usr/share/texlive/texmf-dist/tex/latex/amsmath/amstext.sty
Package: amstext 2000/06/29 v2.01 AMS text

(/usr/share/texlive/texmf-dist/tex/latex/amsmath/amsgen.sty
File: amsgen.sty 1999/11/30 v2.0 generic functions
\@emptytoks=\toks24
\ex@=\dimen112
))
(/usr/share/texlive/texmf-dist/tex/latex/amsmath/amsbsy.sty
Package: amsbsy 1999/11/29 v1.2d Bold Symbols
\pmbraise@=\dimen113
)
(/usr/share/texlive/texmf-dist/tex/latex/amsmath/amsopn.sty
Package: amsopn 1999/12/14 v2.01 operator names
)
\inf@bad=\count94
LaTeX Info: Redefining \frac on input line 199.
\uproot@=\count95
\leftroot@=\count96
LaTeX Info: Redefining \overline on input line 297.
\classnum@=\count97
\DOTSCASE@=\count98
LaTeX Info: Redefining \ldots on input line 394.
LaTeX Info: Redefining \dots on input line 397.
LaTeX Info: Redefining \cdots on input line 518.
\Mathstrutbox@=\box29
\strutbox@=\box30
\big@size=\dimen114
LaTeX Font Info:    Redeclaring font encoding OML on input line 630.
LaTeX Font Info:    Redeclaring font encoding OMS on input line 631.
\macc@depth=\count99
\c@MaxMatrixCols=\count100
\dotsspace@=\muskip10
\c@parentequation=\count101
\dspbrk@lvl=\count102
\tag@help=\toks25
\row@=\count103
\column@=\count104
\maxfields@=\count105
\andhelp@=\toks26
\eqnshift@=\dimen115
\alignsep@=\dimen116
\tagshift@=\dimen117
\tagwidth@=\dimen118
\totwidth@=\dimen119
\lineht@=\dimen120
\@envbody=\toks27
\multlinegap=\skip51
\multlinetaggap=\skip52
\mathdisplay@stack=\toks28
LaTeX Info: Redefining \[ on input line 2735.
LaTeX Info: Redefining \] on input line 2736.
)
(/usr/share/texlive/texmf-dist/tex/latex/amsfonts/amssymb.sty
Package: amssymb 2013/01/14 v3.01 AMS font symbols

(/usr/share/texlive/texmf-dist/tex/latex/amsfonts/amsfonts.sty
Package: amsfonts 2013/01/14 v3.01 Basic AMSFonts support
\symAMSa=\mathgroup4
\symAMSb=\mathgroup5
LaTeX Font Info:    Overwriting math alphabet `\mathfrak' in version `bold'
(Font)                  U/euf/m/n --> U/euf/b/n on input line 106.
))
\c@theorem=\count106
\c@lemma=\count107
\c@corollary=\count108
\c@remark=\count109

(/usr/share/texlive/texmf-dist/tex/latex/algorithms/algorithm.sty
Package: algorithm 2009/08/24 v0.1 Document Style `algorithm' - floating enviro
nment
\@float@every@algorithm=\toks29
\c@algorithm=\count110
)
(/usr/share/texlive/texmf-dist/tex/latex/algorithmicx/algpseudocode.sty
Package: algpseudocode 

(/usr/share/texlive/texmf-dist/tex/latex/algorithmicx/algorithmicx.sty
Package: algorithmicx 2005/04/27 v1.2 Algorithmicx

Document Style algorithmicx 1.2 - a greatly improved `algorithmic' style
\c@ALG@line=\count111
\c@ALG@rem=\count112
\c@ALG@nested=\count113
\ALG@tlm=\skip53
\ALG@thistlm=\skip54
\c@ALG@Lnr=\count114
\c@ALG@blocknr=\count115
\c@ALG@storecount=\count116
\c@ALG@tmpcounter=\count117
\ALG@tmplength=\skip55
)
Document Style - pseudocode environments for use with the `algorithmicx' style
) (/usr/share/texlive/texmf-dist/tex/latex/mhequ/mhequ.sty
Package: mhequ 
\@MHnocols=\count118
\@MHnocolstot=\count119
\@MHLength=\count120
\MHcenter=\skip56
\MHbig=\skip57
\@MHlineskip=\skip58
\MHC@ls=\count121
\MHt@tc@ls=\count122
\MHrem@inc@ls=\count123
)
(./scalable_data_aug.aux)
\openout1 = `scalable_data_aug.aux'.

LaTeX Font Info:    Checking defaults for OML/cmm/m/it on input line 84.
LaTeX Font Info:    ... okay on input line 84.
LaTeX Font Info:    Checking defaults for T1/cmr/m/n on input line 84.
LaTeX Font Info:    ... okay on input line 84.
LaTeX Font Info:    Checking defaults for OT1/cmr/m/n on input line 84.
LaTeX Font Info:    ... okay on input line 84.
LaTeX Font Info:    Checking defaults for OMS/cmsy/m/n on input line 84.
LaTeX Font Info:    ... okay on input line 84.
LaTeX Font Info:    Checking defaults for OMX/cmex/m/n on input line 84.
LaTeX Font Info:    ... okay on input line 84.
LaTeX Font Info:    Checking defaults for U/cmr/m/n on input line 84.
LaTeX Font Info:    ... okay on input line 84.

(/usr/share/texlive/texmf-dist/tex/context/base/supp-pdf.mkii
[Loading MPS to PDF converter (version 2006.09.02).]
\scratchcounter=\count124
\scratchdimen=\dimen121
\scratchbox=\box31
\nofMPsegments=\count125
\nofMParguments=\count126
\everyMPshowfont=\toks30
\MPscratchCnt=\count127
\MPscratchDim=\dimen122
\MPnumerator=\count128
\makeMPintoPDFobject=\count129
\everyMPtoPDFconversion=\toks31
) (/usr/share/texlive/texmf-dist/tex/generic/oberdiek/pdftexcmds.sty
Package: pdftexcmds 2011/11/29 v0.20 Utility functions of pdfTeX for LuaTeX (HO
)

(/usr/share/texlive/texmf-dist/tex/generic/oberdiek/ifluatex.sty
Package: ifluatex 2010/03/01 v1.3 Provides the ifluatex switch (HO)
Package ifluatex Info: LuaTeX not detected.
)
(/usr/share/texlive/texmf-dist/tex/generic/oberdiek/ifpdf.sty
Package: ifpdf 2011/01/30 v2.3 Provides the ifpdf switch (HO)
Package ifpdf Info: pdfTeX in PDF mode is detected.
)
Package pdftexcmds Info: LuaTeX not detected.
Package pdftexcmds Info: \pdf@primitive is available.
Package pdftexcmds Info: \pdf@ifprimitive is available.
Package pdftexcmds Info: \pdfdraftmode found.
)
(/usr/share/texlive/texmf-dist/tex/latex/oberdiek/epstopdf-base.sty
Package: epstopdf-base 2010/02/09 v2.5 Base part for package epstopdf

(/usr/share/texlive/texmf-dist/tex/latex/oberdiek/grfext.sty
Package: grfext 2010/08/19 v1.1 Manage graphics extensions (HO)

(/usr/share/texlive/texmf-dist/tex/generic/oberdiek/kvdefinekeys.sty
Package: kvdefinekeys 2011/04/07 v1.3 Define keys (HO)
))
(/usr/share/texlive/texmf-dist/tex/latex/oberdiek/kvoptions.sty
Package: kvoptions 2011/06/30 v3.11 Key value format for package options (HO)

(/usr/share/texlive/texmf-dist/tex/generic/oberdiek/kvsetkeys.sty
Package: kvsetkeys 2012/04/25 v1.16 Key value parser (HO)

(/usr/share/texlive/texmf-dist/tex/generic/oberdiek/etexcmds.sty
Package: etexcmds 2011/02/16 v1.5 Avoid name clashes with e-TeX commands (HO)
Package etexcmds Info: Could not find \expanded.
(etexcmds)             That can mean that you are not using pdfTeX 1.50 or
(etexcmds)             that some package has redefined \expanded.
(etexcmds)             In the latter case, load this package earlier.
)))
Package grfext Info: Graphics extension search list:
(grfext)             [.png,.pdf,.jpg,.mps,.jpeg,.jbig2,.jb2,.PNG,.PDF,.JPG,.JPE
G,.JBIG2,.JB2,.eps]
(grfext)             \AppendGraphicsExtensions on input line 452.

(/usr/share/texlive/texmf-dist/tex/latex/latexconfig/epstopdf-sys.cfg
File: epstopdf-sys.cfg 2010/07/13 v1.3 Configuration of (r)epstopdf for TeX Liv
e
))
Package caption Info: Begin \AtBeginDocument code.
Package caption Info: float package is loaded.
Package caption Info: End \AtBeginDocument code.
LaTeX Font Info:    Try loading font information for U+msa on input line 86.

(/usr/share/texlive/texmf-dist/tex/latex/amsfonts/umsa.fd
File: umsa.fd 2013/01/14 v3.01 AMS symbols A
)
LaTeX Font Info:    Try loading font information for U+msb on input line 86.

(/usr/share/texlive/texmf-dist/tex/latex/amsfonts/umsb.fd
File: umsb.fd 2013/01/14 v3.01 AMS symbols B
) [1

{/var/lib/texmf/fonts/map/pdftex/updmap/pdftex.map}] [2] [3] [4] [5] [6]
<probit_demo_acf_prop.pdf, id=39, 361.35pt x 216.81pt>
File: probit_demo_acf_prop.pdf Graphic file (type pdf)

<use probit_demo_acf_prop.pdf>
Package pdftex.def Info: probit_demo_acf_prop.pdf used on input line 224.
(pdftex.def)             Requested size: 150.87465pt x 90.52364pt.

<density_probit.pdf, id=40, 361.35pt x 216.81pt>
File: density_probit.pdf Graphic file (type pdf)
 <use density_probit.pdf>
Package pdftex.def Info: density_probit.pdf used on input line 230.
(pdftex.def)             Requested size: 150.87465pt x 90.52364pt.

<probit_demo_acf.pdf, id=41, 361.35pt x 216.81pt>
File: probit_demo_acf.pdf Graphic file (type pdf)
 <use probit_demo_acf.pdf>
Package pdftex.def Info: probit_demo_acf.pdf used on input line 236.
(pdftex.def)             Requested size: 150.87465pt x 90.52364pt.

[7 <./probit_demo_acf_prop.pdf> <./density_probit.pdf> <./probit_demo_acf.pdf>]
<probit15_trace_plot.pdf, id=62, 433.62pt x 259.97125pt>
File: probit15_trace_plot.pdf Graphic file (type pdf)

<use probit15_trace_plot.pdf>
Package pdftex.def Info: probit15_trace_plot.pdf used on input line 272.
(pdftex.def)             Requested size: 212.16118pt x 127.20058pt.
 <probit15_acf.pdf, id=63, 361.35pt x 216.81pt>
File: probit15_acf.pdf Graphic file (type pdf)

<use probit15_acf.pdf>
Package pdftex.def Info: probit15_acf.pdf used on input line 278.
(pdftex.def)             Requested size: 212.16118pt x 127.29814pt.
 [8 <./probit15_trace_plot.pdf> <./probit15_acf.pdf>]
[9] <logit_demo_trace_plot.pdf, id=81, 361.35pt x 216.81pt>
File: logit_demo_trace_plot.pdf Graphic file (type pdf)

<use logit_demo_trace_plot.pdf>
Package pdftex.def Info: logit_demo_trace_plot.pdf used on input line 334.
(pdftex.def)             Requested size: 231.02411pt x 138.61566pt.

<logit_demo_acf.pdf, id=82, 361.35pt x 216.81pt>
File: logit_demo_acf.pdf Graphic file (type pdf)
 <use logit_demo_acf.pdf>
Package pdftex.def Info: logit_demo_acf.pdf used on input line 339.
(pdftex.def)             Requested size: 231.02411pt x 138.61566pt.

[10 <./logit_demo_trace_plot.pdf> <./logit_demo_acf.pdf>] [11] [12] [13]
<binomial_random_acf_da.pdf, id=106, 361.35pt x 216.81pt>
File: binomial_random_acf_da.pdf Graphic file (type pdf)

<use binomial_random_acf_da.pdf>
Package pdftex.def Info: binomial_random_acf_da.pdf used on input line 522.
(pdftex.def)             Requested size: 150.87465pt x 90.52364pt.

<binomial_random_acf_cda.pdf, id=107, 361.35pt x 216.81pt>
File: binomial_random_acf_cda.pdf Graphic file (type pdf)

<use binomial_random_acf_cda.pdf>
Package pdftex.def Info: binomial_random_acf_cda.pdf used on input line 527.
(pdftex.def)             Requested size: 150.87465pt x 90.52364pt.

<binomial_random_acf_hmc.pdf, id=108, 361.35pt x 216.81pt>
File: binomial_random_acf_hmc.pdf Graphic file (type pdf)

<use binomial_random_acf_hmc.pdf>
Package pdftex.def Info: binomial_random_acf_hmc.pdf used on input line 532.
(pdftex.def)             Requested size: 150.87465pt x 90.52364pt.

Overfull \hbox (2.70131pt too wide) in paragraph at lines 543--557
 [][] 
 []

[14 <./binomial_random_acf_da.pdf> <./binomial_random_acf_cda.pdf> <./binomial_
random_acf_hmc.pdf>] [15] <poisson_acf_da.pdf, id=133, 361.35pt x 216.81pt>
File: poisson_acf_da.pdf Graphic file (type pdf)

<use poisson_acf_da.pdf>
Package pdftex.def Info: poisson_acf_da.pdf used on input line 619.
(pdftex.def)             Requested size: 150.87465pt x 90.52364pt.
 <poisson_acf_cda.pdf, id=134, 361.35pt x 216.81pt>
File: poisson_acf_cda.pdf Graphic file (type pdf)

<use poisson_acf_cda.pdf>
Package pdftex.def Info: poisson_acf_cda.pdf used on input line 624.
(pdftex.def)             Requested size: 150.87465pt x 90.52364pt.
 <poisson_acf_hmc.pdf, id=135, 361.35pt x 216.81pt>
File: poisson_acf_hmc.pdf Graphic file (type pdf)

<use poisson_acf_hmc.pdf>
Package pdftex.def Info: poisson_acf_hmc.pdf used on input line 628.
(pdftex.def)             Requested size: 150.87465pt x 90.52364pt.
 [16] [17 <./poisson_acf_da.pdf> <./poisson_acf_cda.pdf> <./poisson_acf_hmc.pdf
>] (./scalable_data_aug.bbl
Missing character: There is no â in font cmr10!
Missing character: There is no € in font cmr10!
Missing character: There is no ™ in font cmr10!
 [18]) [19]
<poisson_fitting_da.png, id=164, 1204.5pt x 1204.5pt>
File: poisson_fitting_da.png Graphic file (type png)

<use poisson_fitting_da.png>
Package pdftex.def Info: poisson_fitting_da.png used on input line 900.
(pdftex.def)             Requested size: 212.16118pt x 212.15071pt.

<poisson_fitting_ada.png, id=166, 1204.5pt x 1204.5pt>
File: poisson_fitting_ada.png Graphic file (type png)

<use poisson_fitting_ada.png>
Package pdftex.def Info: poisson_fitting_ada.png used on input line 905.
(pdftex.def)             Requested size: 212.16118pt x 212.15071pt.
 <poisson_cv_da.png, id=167, 1204.5pt x 1204.5pt>
File: poisson_cv_da.png Graphic file (type png)

<use poisson_cv_da.png>
Package pdftex.def Info: poisson_cv_da.png used on input line 909.
(pdftex.def)             Requested size: 212.16118pt x 212.15071pt.
 <poisson_cv_ada.png, id=168, 1204.5pt x 1204.5pt>
File: poisson_cv_ada.png Graphic file (type png)

<use poisson_cv_ada.png>
Package pdftex.def Info: poisson_cv_ada.png used on input line 914.
(pdftex.def)             Requested size: 212.16118pt x 212.15071pt.
 [20] [21 <./poisson_fitting_da.png> <./poisson_fitting_ada.png> <./poisson_cv_
da.png> <./poisson_cv_ada.png>]
(./scalable_data_aug.aux) ) 
Here is how much of TeX's memory you used:
 4982 strings out of 493029
 72419 string characters out of 6136233
 144829 words of memory out of 5000000
 8417 multiletter control sequences out of 15000+600000
 13562 words of font info for 53 fonts, out of 8000000 for 9000
 1141 hyphenation exceptions out of 8191
 42i,12n,43p,1396b,485s stack positions out of 5000i,500n,10000p,200000b,80000s
</usr/share/texlive/texmf-dist/fonts/type1/public/am
sfonts/cm/cmbx10.pfb></usr/share/texlive/texmf-dist/fonts/type1/public/amsfonts
/cm/cmbx12.pfb></usr/share/texlive/texmf-dist/fonts/type1/public/amsfonts/cm/cm
ex10.pfb></usr/share/texlive/texmf-dist/fonts/type1/public/amsfonts/cm/cmmi10.p
fb></usr/share/texlive/texmf-dist/fonts/type1/public/amsfonts/cm/cmmi5.pfb></us
r/share/texlive/texmf-dist/fonts/type1/public/amsfonts/cm/cmmi6.pfb></usr/share
/texlive/texmf-dist/fonts/type1/public/amsfonts/cm/cmmi7.pfb></usr/share/texliv
e/texmf-dist/fonts/type1/public/amsfonts/cm/cmmi9.pfb></usr/share/texlive/texmf
-dist/fonts/type1/public/amsfonts/cm/cmr10.pfb></usr/share/texlive/texmf-dist/f
onts/type1/public/amsfonts/cm/cmr12.pfb></usr/share/texlive/texmf-dist/fonts/ty
pe1/public/amsfonts/cm/cmr17.pfb></usr/share/texlive/texmf-dist/fonts/type1/pub
lic/amsfonts/cm/cmr5.pfb></usr/share/texlive/texmf-dist/fonts/type1/public/amsf
onts/cm/cmr6.pfb></usr/share/texlive/texmf-dist/fonts/type1/public/amsfonts/cm/
cmr7.pfb></usr/share/texlive/texmf-dist/fonts/type1/public/amsfonts/cm/cmr8.pfb
></usr/share/texlive/texmf-dist/fonts/type1/public/amsfonts/cm/cmr9.pfb></usr/s
hare/texlive/texmf-dist/fonts/type1/public/amsfonts/cm/cmsy10.pfb></usr/share/t
exlive/texmf-dist/fonts/type1/public/amsfonts/cm/cmsy5.pfb></usr/share/texlive/
texmf-dist/fonts/type1/public/amsfonts/cm/cmsy7.pfb></usr/share/texlive/texmf-d
ist/fonts/type1/public/amsfonts/cm/cmti10.pfb></usr/share/texlive/texmf-dist/fo
nts/type1/public/amsfonts/cm/cmtt10.pfb></usr/share/texlive/texmf-dist/fonts/ty
pe1/public/amsfonts/symbols/msbm10.pfb></usr/share/texlive/texmf-dist/fonts/typ
e1/public/amsfonts/symbols/msbm7.pfb>
Output written on scalable_data_aug.pdf (21 pages, 588863 bytes).
PDF statistics:
 252 PDF objects out of 1000 (max. 8388607)
 170 compressed objects within 2 object streams
 0 named destinations out of 1000 (max. 500000)
 86 words of extra memory for PDF output out of 10000 (max. 10000000)

